Jira logs cron job triggered on 2023-08-15 00:29:28 ( File path is /Applications/XAMPP/xamppfiles/htdocs/teams/jira_logs/jira_logs_csv_04-08-2023.csv )
Jira logs cron job triggered on 2023-08-15 00:29:56 ( File path is /Applications/XAMPP/xamppfiles/htdocs/teams/jira_logs/jira_logs_csv_04-08-2023.csv )
Jira logs by week number 31
Users insertion cron job triggered on 2023-08-15 04:43:47
Jira logs cron job triggered on 2023-08-15 04:43:47 ( File path is /Applications/XAMPP/xamppfiles/htdocs/teams/jira_logs/jira_logs_csv_04-08-2023.csv )
Jira logs by week number 31
Leaves cron job triggered on 2023-08-15 04:43:47 (week range is 2023-08-14 to 2023-08-15 )
Users insertion cron job triggered on 2023-08-15 23:20:20
Jira logs cron job triggered on 2023-08-15 23:20:21 ( File path is /Applications/XAMPP/xamppfiles/htdocs/teams/jira_logs/jira_logs_csv_13-08-2023.csv )
Users insertion cron job triggered on 2023-08-15 23:46:45
Jira logs cron job triggered on 2023-08-15 23:46:45 ( File path is /Applications/XAMPP/xamppfiles/htdocs/teams/jira_logs/jira_logs_csv_13-08-2023.csv )
Leaves cron job triggered on 2023-08-15 23:50:48 (week range is 2023-08-14 to 2023-08-16 )
Users insertion cron job triggered on 2023-08-15 23:51:03
Users insertion cron job triggered on 2023-08-16 04:47:56
Jira logs cron job triggered on 2023-08-16 04:47:56 ( File path is /Applications/XAMPP/xamppfiles/htdocs/teams/jira_logs/jira_logs_csv_13-08-2023.csv )
Leaves cron job triggered on 2023-08-16 04:53:01 (week range is 2023-08-14 to 2023-08-16 )
Users insertion cron job triggered on 2023-08-17 02:19:58
Jira logs cron job triggered on 2023-08-17 02:19:58 ( File path is /Applications/XAMPP/xamppfiles/htdocs/teams/jira_logs/jira_logs_csv_13-08-2023.csv )
Leaves cron job triggered on 2023-08-17 02:21:23 (week range is 2023-08-14 to 2023-08-17 )
Users insertion cron job triggered on 2023-08-17 22:13:44
Jira logs cron job triggered on 2023-08-17 22:13:44 ( File path is /Applications/XAMPP/xamppfiles/htdocs/teams/jira_logs/jira_logs_csv_13-08-2023.csv )
Leaves cron job triggered on 2023-08-18 00:40:57 (week range is 2023-08-14 to 2023-08-18 )
Leaves cron job triggered on 2023-08-18 00:40:57 (week range is 2023-08-14 to 2023-08-18 )
Users insertion cron job triggered on 2023-08-18 02:53:12
Jira logs cron job triggered on 2023-08-18 02:53:12 ( File path is /Applications/XAMPP/xamppfiles/htdocs/teams/jira_logs/jira_logs_csv_13-08-2023.csv )
Leaves cron job triggered on 2023-08-18 04:38:12 (week range is 2023-08-14 to 2023-08-18 )
Users insertion cron job triggered on 2023-08-18 04:39:12
Jira logs cron job triggered on 2023-08-18 04:39:12 ( File path is /Applications/XAMPP/xamppfiles/htdocs/teams/jira_logs/jira_logs_csv_13-08-2023.csv )
Leaves cron job triggered on 2023-08-20 22:55:54 (week range is 2023-08-14 to 2023-08-21 )
Users insertion cron job triggered on 2023-08-20 22:58:03
Jira logs cron job triggered on 2023-08-20 22:58:03 ( File path is /Applications/XAMPP/xamppfiles/htdocs/teams/jira_logs/jira_logs_csv_13-08-2023.csv )
Leaves cron job triggered on 2023-08-21 04:54:15 (week range is 2023-08-14 to 2023-08-21 )
Users insertion cron job triggered on 2023-08-21 04:55:17
Jira logs cron job triggered on 2023-08-21 04:55:17 ( File path is /Applications/XAMPP/xamppfiles/htdocs/teams/jira_logs/jira_logs_csv_13-08-2023.csv )
Leaves cron job triggered on 2023-08-21 22:46:38 (week range is 2023-08-21 to 2023-08-22 )
Users insertion cron job triggered on 2023-08-21 22:47:38
Jira logs cron job triggered on 2023-08-21 22:47:38 ( File path is /Applications/XAMPP/xamppfiles/htdocs/teams/jira_logs/jira_logs_csv_13-08-2023.csv )
Leaves cron job triggered on 2023-08-22 04:37:53 (week range is 2023-08-21 to 2023-08-22 )
Users insertion cron job triggered on 2023-08-22 04:38:59
Jira logs cron job triggered on 2023-08-22 04:38:59 ( File path is /Applications/XAMPP/xamppfiles/htdocs/teams/jira_logs/jira_logs_csv_13-08-2023.csv )
Leaves cron job triggered on 2023-08-22 10:54:42 (week range is 2023-08-21 to 2023-08-22 )
Users insertion cron job triggered on 2023-08-22 10:57:19
Jira logs cron job triggered on 2023-08-22 10:57:19 ( File path is /Applications/XAMPP/xamppfiles/htdocs/teams/jira_logs/jira_logs_csv_13-08-2023.csv )
Leaves cron job triggered on 2023-08-22 21:43:59 (week range is 2023-08-21 to 2023-08-23 )
Users insertion cron job triggered on 2023-08-22 22:36:18
Jira logs cron job triggered on 2023-08-22 22:36:18 ( File path is /Applications/XAMPP/xamppfiles/htdocs/teams/jira_logs/jira_logs_csv_13-08-2023.csv )
Leaves cron job triggered on 2023-08-22 22:38:19 (week range is 2023-08-21 to 2023-08-23 )
Users insertion cron job triggered on 2023-08-22 22:40:20
Jira logs cron job triggered on 2023-08-22 22:40:20 ( File path is /Applications/XAMPP/xamppfiles/htdocs/teams/jira_logs/jira_logs_csv_13-08-2023.csv )
Leaves cron job triggered on 2023-08-24 23:04:38 (week range is 2023-08-21 to 2023-08-25 )
Users insertion cron job triggered on 2023-08-24 23:06:15
Jira logs cron job triggered on 2023-08-24 23:06:15 ( File path is /Applications/XAMPP/xamppfiles/htdocs/teams/jira_logs/jira_logs_csv_13-08-2023.csv )
Users insertion cron job triggered on 2023-08-25 00:02:21
Users insertion cron job triggered on 2023-08-25 00:02:54
Users insertion cron job triggered on 2023-08-25 00:06:52
Users insertion cron job triggered on 2023-08-25 00:07:28
Leaves cron job triggered on 2023-08-25 04:56:41 (week range is 2023-08-21 to 2023-08-25 )
Users insertion cron job triggered on 2023-08-25 04:59:41
Jira logs cron job triggered on 2023-08-25 04:59:41 ( File path is /Applications/XAMPP/xamppfiles/htdocs/teams/jira_logs/jira_logs_csv_13-08-2023.csv )
Leaves cron job triggered on 2023-08-27 22:05:25 (week range is 2023-08-21 to 2023-08-28 )
Users insertion cron job triggered on 2023-08-27 22:06:39
Jira logs cron job triggered on 2023-08-27 22:06:39 ( File path is /Applications/XAMPP/xamppfiles/htdocs/teams/jira_logs/jira_logs_csv_13-08-2023.csv )
Leaves cron job triggered on 2023-08-27 22:37:52 (week range is 2023-08-21 to 2023-08-28 )
Users insertion cron job triggered on 2023-08-27 22:40:31
Jira logs cron job triggered on 2023-08-27 22:40:31 ( File path is /Applications/XAMPP/xamppfiles/htdocs/teams/jira_logs/jira_logs_csv_13-08-2023.csv )
Leaves cron job triggered on 2023-08-28 05:15:18 (week range is 2023-08-21 to 2023-08-28 )
Users insertion cron job triggered on 2023-08-28 05:18:17
Jira logs cron job triggered on 2023-08-28 05:18:17 ( File path is /Applications/XAMPP/xamppfiles/htdocs/teams/jira_logs/jira_logs_csv_13-08-2023.csv )
Leaves cron job triggered on 2023-08-28 11:08:57 (week range is 2023-08-21 to 2023-08-28 )
Users insertion cron job triggered on 2023-08-28 11:11:57
Jira logs cron job triggered on 2023-08-28 11:11:57 ( File path is /Applications/XAMPP/xamppfiles/htdocs/teams/jira_logs/jira_logs_csv_13-08-2023.csv )
Leaves cron job triggered on 2023-08-28 21:46:31 (week range is 2023-08-28 to 2023-08-29 )
Users insertion cron job triggered on 2023-08-28 21:49:21
Jira logs cron job triggered on 2023-08-28 21:49:22 ( File path is /Applications/XAMPP/xamppfiles/htdocs/teams/jira_logs/jira_logs_csv_13-08-2023.csv )
Leaves cron job triggered on 2023-08-28 22:39:15 (week range is 2023-08-28 to 2023-08-29 )
Users insertion cron job triggered on 2023-08-28 22:40:51
Jira logs cron job triggered on 2023-08-28 22:40:52 ( File path is /Applications/XAMPP/xamppfiles/htdocs/teams/jira_logs/jira_logs_csv_13-08-2023.csv )
Users evaluation table insertion cron job triggered on 2023-08-29 04:09:38
Users evaluation table insertion cron job triggered on 2023-08-29 04:09:41
Users evaluation table insertion cron job triggered on 2023-08-29 04:12:00
Leaves cron job triggered on 2023-08-29 04:38:39 (week range is 2023-08-28 to 2023-08-29 )
Users insertion cron job triggered on 2023-08-29 04:39:40
Jira logs cron job triggered on 2023-08-29 04:39:40 ( File path is /Applications/XAMPP/xamppfiles/htdocs/teams/jira_logs/jira_logs_csv_13-08-2023.csv )
Users evaluation table insertion cron job triggered on 2023-08-29 13:50:58
Leaves cron job triggered on 2023-08-29 13:50:58 (week range is 2023-08-28 to 2023-08-29 )
Users insertion cron job triggered on 2023-08-29 21:06:25
Jira logs cron job triggered on 2023-08-29 21:06:25 ( File path is /Applications/XAMPP/xamppfiles/htdocs/teams/jira_logs/jira_logs_csv_13-08-2023.csv )
Users evaluation table insertion cron job triggered on 2023-08-29 22:17:17
Leaves cron job triggered on 2023-08-29 22:17:17 (week range is 2023-08-28 to 2023-08-29 )
Users evaluation table insertion cron job triggered on 2023-08-29 22:26:05
Users evaluation table insertion cron job triggered on 2023-08-29 22:28:36
Users evaluation table insertion cron job triggered on 2023-08-29 22:29:59
Users insertion cron job triggered on 2023-08-29 22:37:56
Jira logs cron job triggered on 2023-08-29 22:37:56 ( File path is /Applications/XAMPP/xamppfiles/htdocs/teams/jira_logs/jira_logs_csv_13-08-2023.csv )
Leaves cron job triggered on 2023-08-29 22:38:56 (week range is 2023-08-28 to 2023-08-30 )
Users evaluation table insertion cron job triggered on 2023-08-30 04:15:06
Users insertion cron job triggered on 2023-08-30 04:49:53
Jira logs cron job triggered on 2023-08-30 04:49:53 ( File path is /Applications/XAMPP/xamppfiles/htdocs/teams/jira_logs/jira_logs_csv_13-08-2023.csv )
Leaves cron job triggered on 2023-08-30 04:52:52 (week range is 2023-08-28 to 2023-08-30 )
Users evaluation table insertion cron job triggered on 2023-08-30 21:36:12
Users insertion cron job triggered on 2023-08-30 21:36:12
Jira logs cron job triggered on 2023-08-30 21:36:12 ( File path is /Applications/XAMPP/xamppfiles/htdocs/teams/jira_logs/jira_logs_csv_13-08-2023.csv )
Leaves cron job triggered on 2023-08-30 21:39:11 (week range is 2023-08-28 to 2023-08-31 )
Users evaluation table insertion cron job triggered on 2023-08-30 22:10:28
Users insertion cron job triggered on 2023-08-30 22:38:49
Jira logs cron job triggered on 2023-08-30 22:38:50 ( File path is /Applications/XAMPP/xamppfiles/htdocs/teams/jira_logs/jira_logs_csv_13-08-2023.csv )
Leaves cron job triggered on 2023-08-30 22:39:51 (week range is 2023-08-28 to 2023-08-31 )
Users evaluation table insertion cron job triggered on 2023-08-31 04:28:32
Users insertion cron job triggered on 2023-08-31 04:40:18
Jira logs cron job triggered on 2023-08-31 04:40:18 ( File path is /Applications/XAMPP/xamppfiles/htdocs/teams/jira_logs/jira_logs_csv_13-08-2023.csv )
Leaves cron job triggered on 2023-08-31 04:41:28 (week range is 2023-08-28 to 2023-08-31 )
Users evaluation table insertion cron job triggered on 2023-08-31 21:43:46
Users insertion cron job triggered on 2023-08-31 21:43:47
Jira logs cron job triggered on 2023-08-31 21:43:47 ( File path is /Applications/XAMPP/xamppfiles/htdocs/teams/jira_logs/jira_logs_csv_13-08-2023.csv )
Leaves cron job triggered on 2023-08-31 21:45:45 (week range is 2023-08-28 to 2023-09-01 )
Users evaluation table insertion cron job triggered on 2023-08-31 22:10:03
Users insertion cron job triggered on 2023-08-31 22:39:49
Jira logs cron job triggered on 2023-08-31 22:39:49 ( File path is /Applications/XAMPP/xamppfiles/htdocs/teams/jira_logs/jira_logs_csv_13-08-2023.csv )
Leaves cron job triggered on 2023-08-31 22:42:44 (week range is 2023-08-28 to 2023-09-01 )
Users insertion cron job triggered on 2023-08-31 23:32:16
Users insertion cron job triggered on 2023-08-31 23:34:44
Users insertion cron job triggered on 2023-08-31 23:35:59
Users insertion cron job triggered on 2023-08-31 23:38:16
Users insertion cron job triggered on 2023-08-31 23:39:23
Users insertion cron job triggered on 2023-08-31 23:39:53
Users insertion cron job triggered on 2023-08-31 23:42:51
Users insertion cron job triggered on 2023-09-01 00:00:3109
Users insertion cron job triggered on 2023-09-01 00:02:54
Users evaluation table insertion cron job triggered on 2023-09-01 04:11:44
Users insertion cron job triggered on 2023-09-01 04:39:25
Jira logs cron job triggered on 2023-09-01 04:39:26 ( File path is /Applications/XAMPP/xamppfiles/htdocs/teams/jira_logs/jira_logs_csv_13-08-2023.csv )
Leaves cron job triggered on 2023-09-01 04:40:50 (week range is 2023-08-28 to 2023-09-01 )
Users evaluation table insertion cron job triggered on 2023-09-01 10:56:40
Users insertion cron job triggered on 2023-09-01 10:56:40
Jira logs cron job triggered on 2023-09-01 10:56:41 ( File path is /Applications/XAMPP/xamppfiles/htdocs/teams/jira_logs/jira_logs_csv_13-08-2023.csv )
Leaves cron job triggered on 2023-09-01 10:59:40 (week range is 2023-08-28 to 2023-09-01 )
Users evaluation table insertion cron job triggered on 2023-09-03 11:02:04
Users insertion cron job triggered on 2023-09-03 11:02:04
Jira logs cron job triggered on 2023-09-03 11:02:05 ( File path is /Applications/XAMPP/xamppfiles/htdocs/teams/jira_logs/jira_logs_csv_13-08-2023.csv )
Leaves cron job triggered on 2023-09-03 11:04:52 (week range is 2023-08-28 to 2023-09-03 )
Users evaluation table insertion cron job triggered on 2023-09-03 21:59:05
Users insertion cron job triggered on 2023-09-03 21:59:05
Jira logs cron job triggered on 2023-09-03 21:59:05 ( File path is /Applications/XAMPP/xamppfiles/htdocs/teams/jira_logs/jira_logs_csv_13-08-2023.csv )
Leaves cron job triggered on 2023-09-03 22:01:57 (week range is 2023-08-28 to 2023-09-04 )
Users evaluation table insertion cron job triggered on 2023-09-03 22:10:56
Users insertion cron job triggered on 2023-09-03 22:39:25
Jira logs cron job triggered on 2023-09-03 22:39:25 ( File path is /Applications/XAMPP/xamppfiles/htdocs/teams/jira_logs/jira_logs_csv_13-08-2023.csv )
Leaves cron job triggered on 2023-09-03 22:41:25 (week range is 2023-08-28 to 2023-09-04 )
Users evaluation table insertion cron job triggered on 2023-09-04 04:34:03
Users insertion cron job triggered on 2023-09-04 05:01:30
Jira logs cron job triggered on 2023-09-04 05:01:30 ( File path is /Applications/XAMPP/xamppfiles/htdocs/teams/jira_logs/jira_logs_csv_13-08-2023.csv )
Leaves cron job triggered on 2023-09-04 05:02:30 (week range is 2023-08-28 to 2023-09-04 )
Users evaluation table insertion cron job triggered on 2023-09-04 11:31:45
Users insertion cron job triggered on 2023-09-04 11:31:46
Jira logs cron job triggered on 2023-09-04 11:31:46 ( File path is /Applications/XAMPP/xamppfiles/htdocs/teams/jira_logs/jira_logs_csv_13-08-2023.csv )
Leaves cron job triggered on 2023-09-04 11:34:45 (week range is 2023-08-28 to 2023-09-04 )
Users evaluation table insertion cron job triggered on 2023-09-04 21:37:24
Users insertion cron job triggered on 2023-09-04 21:37:24
Jira logs cron job triggered on 2023-09-04 21:37:24 ( File path is /Applications/XAMPP/xamppfiles/htdocs/teams/jira_logs/jira_logs_csv_13-08-2023.csv )
Leaves cron job triggered on 2023-09-04 21:40:00 (week range is 2023-09-04 to 2023-09-05 )
Users evaluation table insertion cron job triggered on 2023-09-04 22:12:36
Users insertion cron job triggered on 2023-09-04 22:39:27
Jira logs cron job triggered on 2023-09-04 22:39:27 ( File path is /Applications/XAMPP/xamppfiles/htdocs/teams/jira_logs/jira_logs_csv_13-08-2023.csv )
Leaves cron job triggered on 2023-09-04 22:42:27 (week range is 2023-09-04 to 2023-09-05 )
Users evaluation table insertion cron job triggered on 2023-09-05 21:51:39
Users insertion cron job triggered on 2023-09-05 21:51:39
Jira logs cron job triggered on 2023-09-05 21:51:39 ( File path is /Applications/XAMPP/xamppfiles/htdocs/teams/jira_logs/jira_logs_csv_13-08-2023.csv )
Leaves cron job triggered on 2023-09-05 21:52:47 (week range is 2023-09-04 to 2023-09-06 )
Users evaluation table insertion cron job triggered on 2023-09-05 22:09:47
Users insertion cron job triggered on 2023-09-05 22:39:36
Jira logs cron job triggered on 2023-09-05 22:39:37 ( File path is /Applications/XAMPP/xamppfiles/htdocs/teams/jira_logs/jira_logs_csv_13-08-2023.csv )
Leaves cron job triggered on 2023-09-05 22:41:42 (week range is 2023-09-04 to 2023-09-06 )
Users evaluation table insertion cron job triggered on 2023-09-06 06:12:42
Users insertion cron job triggered on 2023-09-06 06:12:43
Jira logs cron job triggered on 2023-09-06 06:12:43 ( File path is /Applications/XAMPP/xamppfiles/htdocs/teams/jira_logs/jira_logs_csv_27-08-2023.csv )
Leaves cron job triggered on 2023-09-06 22:39:31 (week range is 2023-09-04 to 2023-09-07 )
Users evaluation table insertion cron job triggered on 2023-09-06 22:40:47
Users insertion cron job triggered on 2023-09-06 22:40:47
Jira logs cron job triggered on 2023-09-06 22:40:47 ( File path is /Applications/XAMPP/xamppfiles/htdocs/teams/jira_logs/jira_logs_csv_27-08-2023.csv )
Users evaluation table insertion cron job triggered on 2023-09-07 04:09:47
Leaves cron job triggered on 2023-09-07 05:20:36 (week range is 2023-09-04 to 2023-09-07 )
Users insertion cron job triggered on 2023-09-07 05:23:03
Jira logs cron job triggered on 2023-09-07 05:23:04 ( File path is /Applications/XAMPP/xamppfiles/htdocs/teams/jira_logs/jira_logs_csv_27-08-2023.csv )
Users evaluation table insertion cron job triggered on 2023-09-07 22:09:14
Leaves cron job triggered on 2023-09-07 22:09:14 (week range is 2023-09-04 to 2023-09-07 )
Users insertion cron job triggered on 2023-09-07 22:11:14
Jira logs cron job triggered on 2023-09-07 22:11:14 ( File path is /Applications/XAMPP/xamppfiles/htdocs/teams/jira_logs/jira_logs_csv_27-08-2023.csv )
Users evaluation table insertion cron job triggered on 2023-09-07 22:12:21
Leaves cron job triggered on 2023-09-07 22:38:15 (week range is 2023-09-04 to 2023-09-08 )
Users insertion cron job triggered on 2023-09-07 22:39:45
Jira logs cron job triggered on 2023-09-07 22:39:45 ( File path is /Applications/XAMPP/xamppfiles/htdocs/teams/jira_logs/jira_logs_csv_27-08-2023.csv )
Users evaluation table insertion cron job triggered on 2023-09-08 04:10:05
Leaves cron job triggered on 2023-09-08 04:38:49 (week range is 2023-09-04 to 2023-09-08 )
Users insertion cron job triggered on 2023-09-08 04:40:31
Jira logs cron job triggered on 2023-09-08 04:40:31 ( File path is /Applications/XAMPP/xamppfiles/htdocs/teams/jira_logs/jira_logs_csv_27-08-2023.csv )
Users evaluation table insertion cron job triggered on 2023-09-10 22:28:33
Leaves cron job triggered on 2023-09-10 22:28:33 (week range is 2023-09-04 to 2023-09-10 )
Users insertion cron job triggered on 2023-09-10 22:29:53
Jira logs cron job triggered on 2023-09-10 22:29:53 ( File path is /Applications/XAMPP/xamppfiles/htdocs/teams/jira_logs/jira_logs_csv_27-08-2023.csv )
Leaves cron job triggered on 2023-09-10 22:38:29 (week range is 2023-09-04 to 2023-09-11 )
Users insertion cron job triggered on 2023-09-10 22:39:31
Jira logs cron job triggered on 2023-09-10 22:39:32 ( File path is /Applications/XAMPP/xamppfiles/htdocs/teams/jira_logs/jira_logs_csv_27-08-2023.csv )
Users evaluation table insertion cron job triggered on 2023-09-11 04:31:01
Leaves cron job triggered on 2023-09-11 04:38:09 (week range is 2023-09-04 to 2023-09-11 )
Users insertion cron job triggered on 2023-09-11 04:40:11
Jira logs cron job triggered on 2023-09-11 04:40:11 ( File path is /Applications/XAMPP/xamppfiles/htdocs/teams/jira_logs/jira_logs_csv_27-08-2023.csv )
Users evaluation table insertion cron job triggered on 2023-09-11 22:15:29
Leaves cron job triggered on 2023-09-11 22:15:29 (week range is 2023-09-04 to 2023-09-11 )
Users insertion cron job triggered on 2023-09-11 22:16:34
Jira logs cron job triggered on 2023-09-11 22:16:34 ( File path is /Applications/XAMPP/xamppfiles/htdocs/teams/jira_logs/jira_logs_csv_27-08-2023.csv )
Leaves cron job triggered on 2023-09-11 22:40:15 (week range is 2023-09-11 to 2023-09-12 )
Users insertion cron job triggered on 2023-09-11 22:42:19
Jira logs cron job triggered on 2023-09-11 22:42:19 ( File path is /Applications/XAMPP/xamppfiles/htdocs/teams/jira_logs/jira_logs_csv_27-08-2023.csv )
Users evaluation table insertion cron job triggered on 2023-09-12 04:16:55
Leaves cron job triggered on 2023-09-12 04:44:25 (week range is 2023-09-11 to 2023-09-12 )
Users insertion cron job triggered on 2023-09-12 04:45:38
Jira logs cron job triggered on 2023-09-12 04:45:38 ( File path is /Applications/XAMPP/xamppfiles/htdocs/teams/jira_logs/jira_logs_csv_27-08-2023.csv )
Users evaluation table insertion cron job triggered on 2023-09-12 22:03:47
Leaves cron job triggered on 2023-09-12 22:03:47 (week range is 2023-09-11 to 2023-09-12 )
Users insertion cron job triggered on 2023-09-12 22:05:03
Jira logs cron job triggered on 2023-09-12 22:05:03 ( File path is /Applications/XAMPP/xamppfiles/htdocs/teams/jira_logs/jira_logs_csv_27-08-2023.csv )
Users evaluation table insertion cron job triggered on 2023-09-12 22:09:56
Leaves cron job triggered on 2023-09-12 23:06:33 (week range is 2023-09-11 to 2023-09-13 )
Users insertion cron job triggered on 2023-09-12 23:08:25
Jira logs cron job triggered on 2023-09-12 23:08:25 ( File path is /Applications/XAMPP/xamppfiles/htdocs/teams/jira_logs/jira_logs_csv_27-08-2023.csv )
Users evaluation table insertion cron job triggered on 2023-09-14 22:01:04
Leaves cron job triggered on 2023-09-14 22:01:05 (week range is 2023-09-11 to 2023-09-14 )
Users insertion cron job triggered on 2023-09-14 23:48:33
Jira logs cron job triggered on 2023-09-14 23:48:33 ( File path is /Applications/XAMPP/xamppfiles/htdocs/teams/jira_logs/jira_logs_csv_27-08-2023.csv )
Users evaluation table insertion cron job triggered on 2023-09-15 00:35:29
Leaves cron job triggered on 2023-09-15 00:35:29 (week range is 2023-09-11 to 2023-09-15 )
Users evaluation table insertion cron job triggered on 2023-09-15 04:13:29
Users insertion cron job triggered on 2023-09-18 22:27:25
Jira logs cron job triggered on 2023-09-18 22:27:26 ( File path is /Applications/XAMPP/xamppfiles/htdocs/teams/jira_logs/jira_logs_csv_27-08-2023.csv )
Leaves cron job triggered on 2023-09-18 22:29:08 (week range is 2023-09-18 to 2023-09-19 )
Users evaluation table insertion cron job triggered on 2023-09-18 22:30:30
Users insertion cron job triggered on 2023-09-18 22:37:55
Jira logs cron job triggered on 2023-09-18 22:37:55 ( File path is /Applications/XAMPP/xamppfiles/htdocs/teams/jira_logs/jira_logs_csv_27-08-2023.csv )
Leaves cron job triggered on 2023-09-18 22:39:55 (week range is 2023-09-18 to 2023-09-19 )
Users evaluation table insertion cron job triggered on 2023-09-20 11:41:50
Users insertion cron job triggered on 2023-09-20 11:41:50
Jira logs cron job triggered on 2023-09-20 11:41:50 ( File path is /Applications/XAMPP/xamppfiles/htdocs/teams/jira_logs/jira_logs_csv_27-08-2023.csv )
Leaves cron job triggered on 2023-09-20 11:43:25 (week range is 2023-09-18 to 2023-09-20 )
Users evaluation table insertion cron job triggered on 2023-09-20 21:59:46
Users insertion cron job triggered on 2023-09-20 21:59:46
Jira logs cron job triggered on 2023-09-20 21:59:46 ( File path is /Applications/XAMPP/xamppfiles/htdocs/teams/jira_logs/jira_logs_csv_27-08-2023.csv )
Leaves cron job triggered on 2023-09-21 12:09:22 (week range is 2023-09-18 to 2023-09-21 )
Users evaluation table insertion cron job triggered on 2023-09-21 12:14:39
Users insertion cron job triggered on 2023-09-21 12:14:39
Jira logs cron job triggered on 2023-09-21 12:14:39 ( File path is /Applications/XAMPP/xamppfiles/htdocs/teams/jira_logs/jira_logs_csv_27-08-2023.csv )
Users evaluation table insertion cron job triggered on 2023-09-21 21:47:01
Leaves cron job triggered on 2023-09-21 21:47:01 (week range is 2023-09-18 to 2023-09-21 )
Users insertion cron job triggered on 2023-09-21 22:55:45
Jira logs cron job triggered on 2023-09-21 22:55:45 ( File path is /Applications/XAMPP/xamppfiles/htdocs/teams/jira_logs/jira_logs_csv_27-08-2023.csv )
Users evaluation table insertion cron job triggered on 2023-09-21 22:57:33
Leaves cron job triggered on 2023-09-21 22:57:33 (week range is 2023-09-18 to 2023-09-21 )
Users evaluation table insertion cron job triggered on 2023-09-23 12:49:52
Users insertion cron job triggered on 2023-09-23 12:49:52
Jira logs cron job triggered on 2023-09-23 12:49:52 ( File path is /Applications/XAMPP/xamppfiles/htdocs/teams/jira_logs/jira_logs_csv_27-08-2023.csv )
Leaves cron job triggered on 2023-09-23 12:50:59 (week range is 2023-09-18 to 2023-09-23 )
Users evaluation table insertion cron job triggered on 2023-09-23 22:33:50
Users insertion cron job triggered on 2023-09-23 22:33:50
Jira logs cron job triggered on 2023-09-23 22:33:50 ( File path is /Applications/XAMPP/xamppfiles/htdocs/teams/jira_logs/jira_logs_csv_27-08-2023.csv )
Leaves cron job triggered on 2023-09-23 22:35:08 (week range is 2023-09-18 to 2023-09-24 )
Users insertion cron job triggered on 2023-09-23 22:39:29
Jira logs cron job triggered on 2023-09-23 22:39:29 ( File path is /Applications/XAMPP/xamppfiles/htdocs/teams/jira_logs/jira_logs_csv_27-08-2023.csv )
Leaves cron job triggered on 2023-09-23 22:40:30 (week range is 2023-09-18 to 2023-09-24 )
Users evaluation table insertion cron job triggered on 2023-09-24 11:15:21
Users insertion cron job triggered on 2023-09-24 11:15:21
Jira logs cron job triggered on 2023-09-24 11:15:21 ( File path is /Applications/XAMPP/xamppfiles/htdocs/teams/jira_logs/jira_logs_csv_27-08-2023.csv )
Leaves cron job triggered on 2023-09-24 11:18:10 (week range is 2023-09-18 to 2023-09-24 )
Users evaluation table insertion cron job triggered on 2023-09-24 17:01:45
Users insertion cron job triggered on 2023-09-24 17:01:46
Jira logs cron job triggered on 2023-09-24 17:01:46 ( File path is /Applications/XAMPP/xamppfiles/htdocs/teams/jira_logs/jira_logs_csv_27-08-2023.csv )
Leaves cron job triggered on 2023-09-24 20:36:26 (week range is 2023-09-18 to 2023-09-25 )
Users evaluation table insertion cron job triggered on 2023-09-24 23:41:28
Users insertion cron job triggered on 2023-09-24 23:41:28
Jira logs cron job triggered on 2023-09-24 23:41:28 ( File path is /Applications/XAMPP/xamppfiles/htdocs/teams/jira_logs/jira_logs_csv_27-08-2023.csv )
Leaves cron job triggered on 2023-09-25 00:57:58 (week range is 2023-09-18 to 2023-09-25 )
Users evaluation table insertion cron job triggered on 2023-09-25 04:09:38
Users insertion cron job triggered on 2023-09-25 05:23:00
Jira logs cron job triggered on 2023-09-25 05:23:00 ( File path is /Applications/XAMPP/xamppfiles/htdocs/teams/jira_logs/jira_logs_csv_27-08-2023.csv )
Leaves cron job triggered on 2023-09-25 05:24:21 (week range is 2023-09-18 to 2023-09-25 )
Users evaluation table insertion cron job triggered on 2023-09-25 11:29:07
Users insertion cron job triggered on 2023-09-25 11:29:07
Jira logs cron job triggered on 2023-09-25 11:29:07 ( File path is /Applications/XAMPP/xamppfiles/htdocs/teams/jira_logs/jira_logs_csv_27-08-2023.csv )
Leaves cron job triggered on 2023-09-25 11:31:29 (week range is 2023-09-18 to 2023-09-25 )
Users evaluation table insertion cron job triggered on 2023-09-26 01:50:05
Users insertion cron job triggered on 2023-09-26 01:50:06
Jira logs cron job triggered on 2023-09-26 01:50:06 ( File path is /Applications/XAMPP/xamppfiles/htdocs/teams/jira_logs/jira_logs_csv_27-08-2023.csv )
Leaves cron job triggered on 2023-09-26 01:51:01 (week range is 2023-09-25 to 2023-09-26 )
Users evaluation table insertion cron job triggered on 2023-09-26 06:25:16
Users insertion cron job triggered on 2023-09-26 06:25:20
Jira logs cron job triggered on 2023-09-26 06:25:25 ( File path is /Applications/XAMPP/xamppfiles/htdocs/teams/jira_logs/jira_logs_csv_27-08-2023.csv )
Leaves cron job triggered on 2023-09-26 10:42:48 (week range is 2023-09-25 to 2023-09-26 )
Users evaluation table insertion cron job triggered on 2023-09-26 10:44:02
Users insertion cron job triggered on 2023-09-26 10:44:02
Jira logs cron job triggered on 2023-09-26 10:44:02 ( File path is /Applications/XAMPP/xamppfiles/htdocs/teams/jira_logs/jira_logs_csv_27-08-2023.csv )
Users evaluation table insertion cron job triggered on 2023-09-27 21:51:34
Leaves cron job triggered on 2023-09-27 21:51:35 (week range is 2023-09-25 to 2023-09-27 )
Users insertion cron job triggered on 2023-09-27 22:13:26
Jira logs cron job triggered on 2023-09-27 22:13:26 ( File path is /Applications/XAMPP/xamppfiles/htdocs/teams/jira_logs/jira_logs_csv_27-08-2023.csv )
Users evaluation table insertion cron job triggered on 2023-09-27 23:12:51
Leaves cron job triggered on 2023-09-27 23:12:51 (week range is 2023-09-25 to 2023-09-27 )
Users insertion cron job triggered on 2023-09-27 23:18:45
Jira logs cron job triggered on 2023-09-27 23:18:45 ( File path is /Applications/XAMPP/xamppfiles/htdocs/teams/jira_logs/jira_logs_csv_27-08-2023.csv )
Users evaluation table insertion cron job triggered on 2023-09-28 11:42:13
Leaves cron job triggered on 2023-09-28 11:42:13 (week range is 2023-09-25 to 2023-09-28 )
Users insertion cron job triggered on 2023-09-28 11:43:58
Jira logs cron job triggered on 2023-09-28 11:43:58 ( File path is /Applications/XAMPP/xamppfiles/htdocs/teams/jira_logs/jira_logs_csv_27-08-2023.csv )
Users evaluation table insertion cron job triggered on 2023-09-28 22:31:15
Leaves cron job triggered on 2023-09-28 22:31:15 (week range is 2023-09-25 to 2023-09-28 )
Users insertion cron job triggered on 2023-09-28 22:36:07
Jira logs cron job triggered on 2023-09-28 22:36:07 ( File path is /Applications/XAMPP/xamppfiles/htdocs/teams/jira_logs/jira_logs_csv_27-08-2023.csv )
Leaves cron job triggered on 2023-09-28 22:39:03 (week range is 2023-09-25 to 2023-09-29 )
Users insertion cron job triggered on 2023-09-28 22:40:17
Jira logs cron job triggered on 2023-09-28 22:40:18 ( File path is /Applications/XAMPP/xamppfiles/htdocs/teams/jira_logs/jira_logs_csv_27-08-2023.csv )
Users evaluation table insertion cron job triggered on 2023-09-29 04:15:48
Leaves cron job triggered on 2023-09-29 10:18:16 (week range is 2023-09-25 to 2023-09-29 )
Users insertion cron job triggered on 2023-09-29 10:19:57
Jira logs cron job triggered on 2023-09-29 10:19:57 ( File path is /Applications/XAMPP/xamppfiles/htdocs/teams/jira_logs/jira_logs_csv_27-08-2023.csv )
Users evaluation table insertion cron job triggered on 2023-09-29 10:27:10
Leaves cron job triggered on 2023-09-29 10:56:20 (week range is 2023-09-25 to 2023-09-29 )
Users insertion cron job triggered on 2023-09-29 10:58:23
Jira logs cron job triggered on 2023-09-29 10:58:23 ( File path is /Applications/XAMPP/xamppfiles/htdocs/teams/jira_logs/jira_logs_csv_27-08-2023.csv )
Users evaluation table insertion cron job triggered on 2023-09-30 02:32:15
Leaves cron job triggered on 2023-09-30 02:32:15 (week range is 2023-09-25 to 2023-09-30 )
Users insertion cron job triggered on 2023-10-02 03:19:34
Jira logs cron job triggered on 2023-10-02 03:19:34 ( File path is /Applications/XAMPP/xamppfiles/htdocs/teams/jira_logs/jira_logs_csv_27-08-2023.csv )
Users evaluation table insertion cron job triggered on 2023-10-02 03:22:12
Leaves cron job triggered on 2023-10-02 03:22:12 (week range is 2023-09-25 to 2023-10-02 )
Users evaluation table insertion cron job triggered on 2023-10-02 04:09:44
Users insertion cron job triggered on 2023-10-02 05:32:16
Jira logs cron job triggered on 2023-10-02 05:32:17 ( File path is /Applications/XAMPP/xamppfiles/htdocs/teams/jira_logs/jira_logs_csv_27-08-2023.csv )
Leaves cron job triggered on 2023-10-03 06:06:41 (week range is 2023-10-02 to 2023-10-03 )
Users evaluation table insertion cron job triggered on 2023-10-03 06:14:42
Users insertion cron job triggered on 2023-10-03 06:14:42
Jira logs cron job triggered on 2023-10-03 06:14:42 ( File path is /Applications/XAMPP/xamppfiles/htdocs/teams/jira_logs/jira_logs_csv_27-08-2023.csv )
Users evaluation table insertion cron job triggered on 2023-10-03 21:51:59
Leaves cron job triggered on 2023-10-03 21:51:59 (week range is 2023-10-02 to 2023-10-03 )
Users insertion cron job triggered on 2023-10-03 21:55:10
Jira logs cron job triggered on 2023-10-03 21:55:11 ( File path is /Applications/XAMPP/xamppfiles/htdocs/teams/jira_logs/jira_logs_csv_27-08-2023.csv )
Users evaluation table insertion cron job triggered on 2023-10-03 22:25:10
Leaves cron job triggered on 2023-10-03 22:50:38 (week range is 2023-10-02 to 2023-10-04 )
Users insertion cron job triggered on 2023-10-03 22:57:50
Jira logs cron job triggered on 2023-10-03 22:57:50 ( File path is /Applications/XAMPP/xamppfiles/htdocs/teams/jira_logs/jira_logs_csv_27-08-2023.csv )
Users evaluation table insertion cron job triggered on 2023-10-04 04:32:06
Leaves cron job triggered on 2023-10-04 05:21:48 (week range is 2023-10-02 to 2023-10-04 )
Users insertion cron job triggered on 2023-10-04 22:48:50
Jira logs cron job triggered on 2023-10-04 22:48:50 ( File path is /Applications/XAMPP/xamppfiles/htdocs/teams/jira_logs/development_id.xlsx )
Users evaluation table insertion cron job triggered on 2023-10-04 23:03:15
Leaves cron job triggered on 2023-10-04 23:03:15 (week range is 2023-10-02 to 2023-10-04 )
SAP id has been integrated 2023-10-04 23:03:43 ( File path is /Applications/XAMPP/xamppfiles/htdocs/teams/jira_logs/development_id.xlsx )
SAP id has been integrated 2023-10-04 23:05:16 ( File path is /Applications/XAMPP/xamppfiles/htdocs/teams/jira_logs/development_id.xlsx )
SAP id has been integrated 2023-10-04 23:07:11 ( File path is /Applications/XAMPP/xamppfiles/htdocs/teams/jira_logs/development_id.xlsx )
SAP id has been integrated 2023-10-04 23:07:25 ( File path is /Applications/XAMPP/xamppfiles/htdocs/teams/jira_logs/development_id.xlsx )
SAP id has been integrated 2023-10-04 23:10:38 ( File path is /Applications/XAMPP/xamppfiles/htdocs/teams/jira_logs/development_id.xlsx )
Users evaluation table insertion cron job triggered on 2023-10-05 04:20:05
Users insertion cron job triggered on 2023-10-05 04:45:05
Jira logs cron job triggered on 2023-10-05 04:45:05 ( File path is /Applications/XAMPP/xamppfiles/htdocs/teams/jira_logs/development_id.xlsx )
Leaves cron job triggered on 2023-10-05 04:47:37 (week range is 2023-10-02 to 2023-10-05 )
Users evaluation table insertion cron job triggered on 2023-10-05 11:53:46
Users insertion cron job triggered on 2023-10-05 11:53:47
Jira logs cron job triggered on 2023-10-05 11:53:47 ( File path is /Applications/XAMPP/xamppfiles/htdocs/teams/jira_logs/development_id.xlsx )
Leaves cron job triggered on 2023-10-05 11:55:47 (week range is 2023-10-02 to 2023-10-05 )
Users evaluation table insertion cron job triggered on 2023-10-05 22:58:07
Users insertion cron job triggered on 2023-10-05 22:58:07
Jira logs cron job triggered on 2023-10-05 22:58:08 ( File path is /Applications/XAMPP/xamppfiles/htdocs/teams/jira_logs/development_id.xlsx )
Leaves cron job triggered on 2023-10-11 22:48:23 (week range is 2023-10-09 to 2023-10-12 )
SAP id has been integrated 2023-10-11 22:48:23 ( File path is /Applications/XAMPP/xamppfiles/htdocs/teams/jira_logs/development_id.xlsx )
Users evaluation table insertion cron job triggered on 2023-10-11 22:49:30
Users insertion cron job triggered on 2023-10-11 22:49:30
Jira logs cron job triggered on 2023-10-11 22:49:31 ( File path is /Applications/XAMPP/xamppfiles/htdocs/teams/jira_logs/development_id.xlsx )
SAP id has been integrated 2023-10-11 23:07:15 ( File path is /Applications/XAMPP/xamppfiles/htdocs/teams/jira_logs/development_id.xlsx )
Users evaluation table insertion cron job triggered on 2023-10-12 04:39:32
Leaves cron job triggered on 2023-10-12 04:39:32 (week range is 2023-10-09 to 2023-10-12 )
Users insertion cron job triggered on 2023-10-12 04:43:16
Jira logs cron job triggered on 2023-10-12 04:43:17 ( File path is /Applications/XAMPP/xamppfiles/htdocs/teams/jira_logs/development_sap_id.csv )
Jira logs by week number 01
Users evaluation table insertion cron job triggered on 2023-10-12 22:01:09
Leaves cron job triggered on 2023-10-12 22:01:09 (week range is 2023-10-09 to 2023-10-12 )
Users insertion cron job triggered on 2023-10-12 22:03:25
Jira logs cron job triggered on 2023-10-12 22:03:25 ( File path is /Applications/XAMPP/xamppfiles/htdocs/teams/jira_logs/development_sap_id.csv )
Jira logs by week number 01
Users evaluation table insertion cron job triggered on 2023-10-12 22:11:38
Leaves cron job triggered on 2023-10-12 23:56:42 (week range is 2023-10-09 to 2023-10-13 )
Users insertion cron job triggered on 2023-10-15 22:10:52
Jira logs cron job triggered on 2023-10-15 22:10:52 ( File path is /Applications/XAMPP/xamppfiles/htdocs/teams/jira_logs/development_sap_id.csv )
Jira logs by week number 01
Users evaluation table insertion cron job triggered on 2023-10-15 22:11:06
Leaves cron job triggered on 2023-10-15 22:11:07 (week range is 2023-10-09 to 2023-10-15 )
Users insertion cron job triggered on 2023-10-16 00:44:32
Jira logs cron job triggered on 2023-10-16 00:44:32 ( File path is /Applications/XAMPP/xamppfiles/htdocs/teams/jira_logs/development_sap_id.csv )
Jira logs by week number 01
Leaves cron job triggered on 2023-10-16 00:44:32 (week range is 2023-10-09 to 2023-10-16 )
Users evaluation table insertion cron job triggered on 2023-10-16 22:03:33
Users insertion cron job triggered on 2023-10-16 22:03:34
Jira logs cron job triggered on 2023-10-16 22:03:34 ( File path is /Applications/XAMPP/xamppfiles/htdocs/teams/jira_logs/development_sap_id.csv )
Jira logs by week number 01
Leaves cron job triggered on 2023-10-16 22:03:34 (week range is 2023-10-09 to 2023-10-16 )
Users evaluation table insertion cron job triggered on 2023-10-17 22:21:51
Users insertion cron job triggered on 2023-10-17 22:21:51
Jira logs cron job triggered on 2023-10-17 22:21:52 ( File path is /Applications/XAMPP/xamppfiles/htdocs/teams/jira_logs/development_sap_id.csv )
Jira logs by week number 01
Leaves cron job triggered on 2023-10-17 22:21:52 (week range is 2023-10-16 to 2023-10-17 )
Users insertion cron job triggered on 2023-10-17 22:37:56
Jira logs cron job triggered on 2023-10-17 22:37:56 ( File path is /Applications/XAMPP/xamppfiles/htdocs/teams/jira_logs/development_sap_id.csv )
Jira logs by week number 01
Leaves cron job triggered on 2023-10-17 22:37:57 (week range is 2023-10-16 to 2023-10-17 )
Users evaluation table insertion cron job triggered on 2023-10-18 06:02:11
Users insertion cron job triggered on 2023-10-18 06:02:11
Jira logs cron job triggered on 2023-10-18 06:02:11 ( File path is /Applications/XAMPP/xamppfiles/htdocs/teams/jira_logs/development_sap_id.csv )
Jira logs by week number 01
Leaves cron job triggered on 2023-10-18 06:02:11 (week range is 2023-10-16 to 2023-10-18 )
Users evaluation table insertion cron job triggered on 2023-10-18 21:49:08
Users insertion cron job triggered on 2023-10-18 21:49:09
Jira logs cron job triggered on 2023-10-18 21:49:09 ( File path is /Applications/XAMPP/xamppfiles/htdocs/teams/jira_logs/development_sap_id.csv )
Jira logs by week number 01
Leaves cron job triggered on 2023-10-18 21:49:09 (week range is 2023-10-16 to 2023-10-18 )
Users evaluation table insertion cron job triggered on 2023-10-18 22:09:42
Users insertion cron job triggered on 2023-10-18 22:38:10
Jira logs cron job triggered on 2023-10-18 22:38:11 ( File path is /Applications/XAMPP/xamppfiles/htdocs/teams/jira_logs/development_sap_id.csv )
Jira logs by week number 01
Leaves cron job triggered on 2023-10-18 22:38:11 (week range is 2023-10-16 to 2023-10-18 )
Users evaluation table insertion cron job triggered on 2023-10-19 22:02:09
Users insertion cron job triggered on 2023-10-19 22:02:09
Jira logs cron job triggered on 2023-10-19 22:02:09 ( File path is /Applications/XAMPP/xamppfiles/htdocs/teams/jira_logs/development_sap_id.csv )
Jira logs by week number 01
Leaves cron job triggered on 2023-10-19 22:02:09 (week range is 2023-10-16 to 2023-10-19 )
Users evaluation table insertion cron job triggered on 2023-10-19 22:10:51
Users insertion cron job triggered on 2023-10-19 22:39:41
Jira logs cron job triggered on 2023-10-19 22:39:42 ( File path is /Applications/XAMPP/xamppfiles/htdocs/teams/jira_logs/development_sap_id.csv )
Jira logs by week number 01
Leaves cron job triggered on 2023-10-19 22:39:42 (week range is 2023-10-16 to 2023-10-19 )
Users evaluation table insertion cron job triggered on 2023-10-20 04:09:44
Users insertion cron job triggered on 2023-10-20 04:38:08
Jira logs cron job triggered on 2023-10-20 04:38:08 ( File path is /Applications/XAMPP/xamppfiles/htdocs/teams/jira_logs/development_sap_id.csv )
Jira logs by week number 01
Leaves cron job triggered on 2023-10-20 04:38:08 (week range is 2023-10-16 to 2023-10-20 )
Users evaluation table insertion cron job triggered on 2023-10-20 10:10:12
Users insertion cron job triggered on 2023-10-20 10:38:51
Jira logs cron job triggered on 2023-10-20 10:38:51 ( File path is /Applications/XAMPP/xamppfiles/htdocs/teams/jira_logs/development_sap_id.csv )
Jira logs by week number 01
Leaves cron job triggered on 2023-10-20 10:38:51 (week range is 2023-10-16 to 2023-10-20 )
Users evaluation table insertion cron job triggered on 2023-10-20 16:49:37
Users insertion cron job triggered on 2023-10-20 16:49:37
Jira logs cron job triggered on 2023-10-20 16:49:38 ( File path is /Applications/XAMPP/xamppfiles/htdocs/teams/jira_logs/development_sap_id.csv )
Jira logs by week number 01
Leaves cron job triggered on 2023-10-20 16:49:38 (week range is 2023-10-16 to 2023-10-20 )
Users evaluation table insertion cron job triggered on 2023-10-21 01:44:17
Users insertion cron job triggered on 2023-10-21 01:44:17
Jira logs cron job triggered on 2023-10-21 01:44:17 ( File path is /Applications/XAMPP/xamppfiles/htdocs/teams/jira_logs/development_sap_id.csv )
Jira logs by week number 01
Leaves cron job triggered on 2023-10-21 01:44:17 (week range is 2023-10-16 to 2023-10-21 )
Users evaluation table insertion cron job triggered on 2023-10-21 04:46:39
Users insertion cron job triggered on 2023-10-21 04:46:39
Jira logs cron job triggered on 2023-10-21 04:46:39 ( File path is /Applications/XAMPP/xamppfiles/htdocs/teams/jira_logs/development_sap_id.csv )
Jira logs by week number 01
Leaves cron job triggered on 2023-10-21 04:46:39 (week range is 2023-10-16 to 2023-10-21 )
Users evaluation table insertion cron job triggered on 2023-10-21 10:23:12
Users insertion cron job triggered on 2023-10-21 10:38:54
Jira logs cron job triggered on 2023-10-21 10:38:54 ( File path is /Applications/XAMPP/xamppfiles/htdocs/teams/jira_logs/development_sap_id.csv )
Jira logs by week number 01
Leaves cron job triggered on 2023-10-21 10:38:54 (week range is 2023-10-16 to 2023-10-21 )
Users evaluation table insertion cron job triggered on 2023-10-21 17:20:16
Users insertion cron job triggered on 2023-10-21 17:20:17
Jira logs cron job triggered on 2023-10-21 17:20:17 ( File path is /Applications/XAMPP/xamppfiles/htdocs/teams/jira_logs/development_sap_id.csv )
Jira logs by week number 01
Leaves cron job triggered on 2023-10-21 17:20:17 (week range is 2023-10-16 to 2023-10-21 )
Users evaluation table insertion cron job triggered on 2023-10-22 12:08:12
Users insertion cron job triggered on 2023-10-22 12:08:12
Jira logs cron job triggered on 2023-10-22 12:08:12 ( File path is /Applications/XAMPP/xamppfiles/htdocs/teams/jira_logs/development_sap_id.csv )
Jira logs by week number 01
Leaves cron job triggered on 2023-10-22 12:08:12 (week range is 2023-10-16 to 2023-10-22 )
Users evaluation table insertion cron job triggered on 2023-10-22 21:58:15
Users insertion cron job triggered on 2023-10-22 21:58:15
Jira logs cron job triggered on 2023-10-22 21:58:15 ( File path is /Applications/XAMPP/xamppfiles/htdocs/teams/jira_logs/development_sap_id.csv )
Jira logs by week number 01
Leaves cron job triggered on 2023-10-22 21:58:15 (week range is 2023-10-16 to 2023-10-22 )
Users evaluation table insertion cron job triggered on 2023-10-22 22:09:55
Users insertion cron job triggered on 2023-10-22 22:38:15
Jira logs cron job triggered on 2023-10-22 22:38:15 ( File path is /Applications/XAMPP/xamppfiles/htdocs/teams/jira_logs/development_sap_id.csv )
Jira logs by week number 01
Leaves cron job triggered on 2023-10-22 22:38:15 (week range is 2023-10-16 to 2023-10-22 )
Users evaluation table insertion cron job triggered on 2023-10-23 05:11:56
Users insertion cron job triggered on 2023-10-23 05:11:57
Jira logs cron job triggered on 2023-10-23 05:11:57 ( File path is /Applications/XAMPP/xamppfiles/htdocs/teams/jira_logs/development_sap_id.csv )
Jira logs by week number 01
Leaves cron job triggered on 2023-10-23 05:11:57 (week range is 2023-10-16 to 2023-10-23 )
Users evaluation table insertion cron job triggered on 2023-10-23 21:36:13
Users insertion cron job triggered on 2023-10-23 21:36:14
Jira logs cron job triggered on 2023-10-23 21:36:14 ( File path is /Applications/XAMPP/xamppfiles/htdocs/teams/jira_logs/development_sap_id.csv )
Jira logs by week number 01
Leaves cron job triggered on 2023-10-23 21:36:14 (week range is 2023-10-16 to 2023-10-23 )
Users evaluation table insertion cron job triggered on 2023-10-23 22:11:17
Users insertion cron job triggered on 2023-10-23 22:38:18
Jira logs cron job triggered on 2023-10-23 22:38:18 ( File path is /Applications/XAMPP/xamppfiles/htdocs/teams/jira_logs/development_sap_id.csv )
Jira logs by week number 01
Leaves cron job triggered on 2023-10-23 22:38:18 (week range is 2023-10-16 to 2023-10-23 )
Users insertion cron job triggered on 2023-10-24 02:30:17
Users evaluation table insertion cron job triggered on 2023-10-24 04:09:47
Users insertion cron job triggered on 2023-10-24 21:42:25
Jira logs cron job triggered on 2023-10-24 21:42:25 ( File path is /Applications/XAMPP/xamppfiles/htdocs/teams/jira_logs/development_sap_id.csv )
Jira logs by week number 01
Leaves cron job triggered on 2023-10-24 21:42:25 (week range is 2023-10-23 to 2023-10-24 )
Users evaluation table insertion cron job triggered on 2023-10-24 21:43:31
Users evaluation table insertion cron job triggered on 2023-10-24 22:10:41
Users insertion cron job triggered on 2023-10-25 00:23:05
Jira logs cron job triggered on 2023-10-25 00:23:05 ( File path is /Applications/XAMPP/xamppfiles/htdocs/teams/jira_logs/development_sap_id.csv )
Jira logs by week number 01
Leaves cron job triggered on 2023-10-25 00:23:05 (week range is 2023-10-23 to 2023-10-25 )
Users evaluation table insertion cron job triggered on 2023-10-25 05:08:03
Users insertion cron job triggered on 2023-10-25 05:08:03
Jira logs cron job triggered on 2023-10-25 05:08:03 ( File path is /Applications/XAMPP/xamppfiles/htdocs/teams/jira_logs/development_sap_id.csv )
Jira logs by week number 01
Leaves cron job triggered on 2023-10-25 05:08:03 (week range is 2023-10-23 to 2023-10-25 )
Users evaluation table insertion cron job triggered on 2023-10-25 22:04:02
Users insertion cron job triggered on 2023-10-25 22:04:02
Jira logs cron job triggered on 2023-10-25 22:04:03 ( File path is /Applications/XAMPP/xamppfiles/htdocs/teams/jira_logs/development_sap_id.csv )
Jira logs by week number 01
Leaves cron job triggered on 2023-10-25 22:04:03 (week range is 2023-10-23 to 2023-10-25 )
Users evaluation table insertion cron job triggered on 2023-10-25 22:10:02
Users insertion cron job triggered on 2023-10-25 22:39:18
Jira logs cron job triggered on 2023-10-25 22:39:18 ( File path is /Applications/XAMPP/xamppfiles/htdocs/teams/jira_logs/development_sap_id.csv )
Jira logs by week number 01
Leaves cron job triggered on 2023-10-25 22:39:18 (week range is 2023-10-23 to 2023-10-25 )
Users evaluation table insertion cron job triggered on 2023-10-26 05:55:29
Users insertion cron job triggered on 2023-10-26 05:55:29
Jira logs cron job triggered on 2023-10-26 05:55:29 ( File path is /Applications/XAMPP/xamppfiles/htdocs/teams/jira_logs/development_sap_id.csv )
Jira logs by week number 01
Leaves cron job triggered on 2023-10-26 05:55:30 (week range is 2023-10-23 to 2023-10-26 )
Users evaluation table insertion cron job triggered on 2023-10-26 21:35:52
Users insertion cron job triggered on 2023-10-26 21:35:52
Jira logs cron job triggered on 2023-10-26 21:35:52 ( File path is /Applications/XAMPP/xamppfiles/htdocs/teams/jira_logs/development_sap_id.csv )
Jira logs by week number 01
Leaves cron job triggered on 2023-10-26 21:35:52 (week range is 2023-10-23 to 2023-10-26 )
Users evaluation table insertion cron job triggered on 2023-10-26 22:34:46
Users insertion cron job triggered on 2023-10-26 22:38:45
Jira logs cron job triggered on 2023-10-26 22:38:46 ( File path is /Applications/XAMPP/xamppfiles/htdocs/teams/jira_logs/development_sap_id.csv )
Jira logs by week number 01
Leaves cron job triggered on 2023-10-26 22:38:46 (week range is 2023-10-23 to 2023-10-26 )
Users evaluation table insertion cron job triggered on 2023-10-27 04:29:23
Users insertion cron job triggered on 2023-10-27 04:57:02
Jira logs cron job triggered on 2023-10-27 04:57:02 ( File path is /Applications/XAMPP/xamppfiles/htdocs/teams/jira_logs/development_sap_id.csv )
Jira logs by week number 01
Leaves cron job triggered on 2023-10-27 04:57:02 (week range is 2023-10-23 to 2023-10-27 )
Users evaluation table insertion cron job triggered on 2023-10-27 17:24:03
Users insertion cron job triggered on 2023-10-27 17:24:04
Jira logs cron job triggered on 2023-10-27 17:24:04 ( File path is /Applications/XAMPP/xamppfiles/htdocs/teams/jira_logs/development_sap_id.csv )
Jira logs by week number 01
Leaves cron job triggered on 2023-10-27 17:24:04 (week range is 2023-10-23 to 2023-10-27 )
Users evaluation table insertion cron job triggered on 2023-10-28 06:03:16
Users insertion cron job triggered on 2023-10-28 06:03:17
Jira logs cron job triggered on 2023-10-28 06:03:17 ( File path is /Applications/XAMPP/xamppfiles/htdocs/teams/jira_logs/development_sap_id.csv )
Jira logs by week number 01
Leaves cron job triggered on 2023-10-28 06:03:17 (week range is 2023-10-23 to 2023-10-28 )
Users evaluation table insertion cron job triggered on 2023-10-28 10:31:07
Users insertion cron job triggered on 2023-10-28 11:42:00
Jira logs cron job triggered on 2023-10-28 11:42:00 ( File path is /Applications/XAMPP/xamppfiles/htdocs/teams/jira_logs/development_sap_id.csv )
Jira logs by week number 01
Leaves cron job triggered on 2023-10-28 11:42:01 (week range is 2023-10-23 to 2023-10-28 )
Users evaluation table insertion cron job triggered on 2023-10-28 18:39:30
Users insertion cron job triggered on 2023-10-28 18:39:34
Jira logs cron job triggered on 2023-10-28 18:39:38 ( File path is /Applications/XAMPP/xamppfiles/htdocs/teams/jira_logs/development_sap_id.csv )
Jira logs by week number 01
Leaves cron job triggered on 2023-10-28 18:39:40 (week range is 2023-10-23 to 2023-10-28 )
Users evaluation table insertion cron job triggered on 2023-10-28 22:53:26
Users insertion cron job triggered on 2023-10-28 22:53:26
Jira logs cron job triggered on 2023-10-28 22:53:27 ( File path is /Applications/XAMPP/xamppfiles/htdocs/teams/jira_logs/development_sap_id.csv )
Jira logs by week number 01
Leaves cron job triggered on 2023-10-28 22:53:27 (week range is 2023-10-23 to 2023-10-28 )
Users evaluation table insertion cron job triggered on 2023-10-29 08:52:30
Users insertion cron job triggered on 2023-10-29 08:52:30
Jira logs cron job triggered on 2023-10-29 08:52:30 ( File path is /Applications/XAMPP/xamppfiles/htdocs/teams/jira_logs/development_sap_id.csv )
Jira logs by week number 01
Leaves cron job triggered on 2023-10-29 08:52:30 (week range is 2023-10-23 to 2023-10-29 )
Users evaluation table insertion cron job triggered on 2023-10-29 21:37:20
Users insertion cron job triggered on 2023-10-29 21:37:21
Jira logs cron job triggered on 2023-10-29 21:37:21 ( File path is /Applications/XAMPP/xamppfiles/htdocs/teams/jira_logs/development_sap_id.csv )
Jira logs by week number 01
Leaves cron job triggered on 2023-10-29 21:37:21 (week range is 2023-10-23 to 2023-10-29 )
Users evaluation table insertion cron job triggered on 2023-10-29 22:15:50
Users insertion cron job triggered on 2023-10-29 22:38:21
Jira logs cron job triggered on 2023-10-29 22:38:21 ( File path is /Applications/XAMPP/xamppfiles/htdocs/teams/jira_logs/development_sap_id.csv )
Jira logs by week number 01
Leaves cron job triggered on 2023-10-29 22:38:22 (week range is 2023-10-23 to 2023-10-29 )
Users evaluation table insertion cron job triggered on 2023-10-31 21:59:09
Users insertion cron job triggered on 2023-10-31 21:59:09
Jira logs cron job triggered on 2023-10-31 21:59:09 ( File path is /Applications/XAMPP/xamppfiles/htdocs/teams/jira_logs/development_sap_id.csv )
Jira logs by week number 01
Leaves cron job triggered on 2023-10-31 21:59:09 (week range is 2023-10-30 to 2023-10-31 )
Users evaluation table insertion cron job triggered on 2023-10-31 22:41:45
Users insertion cron job triggered on 2023-10-31 22:41:46
Jira logs cron job triggered on 2023-10-31 22:41:46 ( File path is /Applications/XAMPP/xamppfiles/htdocs/teams/jira_logs/development_sap_id.csv )
Jira logs by week number 01
Leaves cron job triggered on 2023-10-31 22:41:46 (week range is 2023-10-30 to 2023-10-31 )
Users evaluation table insertion cron job triggered on 2023-11-01 04:29:54
Users insertion cron job triggered on 2023-11-01 04:48:08
Jira logs cron job triggered on 2023-11-01 04:48:09 ( File path is /Applications/XAMPP/xamppfiles/htdocs/teams/jira_logs/development_sap_id.csv )
Jira logs by week number 01
Leaves cron job triggered on 2023-11-01 04:48:09 (week range is 2023-10-30 to 2023-11-01 )
Users evaluation table insertion cron job triggered on 2023-11-01 21:50:30
Users insertion cron job triggered on 2023-11-01 21:50:31
Jira logs cron job triggered on 2023-11-01 21:50:31 ( File path is /Applications/XAMPP/xamppfiles/htdocs/teams/jira_logs/development_sap_id.csv )
Jira logs by week number 01
Leaves cron job triggered on 2023-11-01 21:50:31 (week range is 2023-10-30 to 2023-11-01 )
Users evaluation table insertion cron job triggered on 2023-11-01 22:09:50
Users insertion cron job triggered on 2023-11-02 21:49:19
Jira logs cron job triggered on 2023-11-02 21:49:19 ( File path is /Applications/XAMPP/xamppfiles/htdocs/teams/jira_logs/development_sap_id.csv )
Jira logs by week number 01
Leaves cron job triggered on 2023-11-02 21:49:20 (week range is 2023-10-30 to 2023-11-02 )
Users evaluation table insertion cron job triggered on 2023-11-02 21:52:33
Users evaluation table insertion cron job triggered on 2023-11-05 23:18:33
Users insertion cron job triggered on 2023-11-05 23:18:33
Jira logs cron job triggered on 2023-11-05 23:18:33 ( File path is /Applications/XAMPP/xamppfiles/htdocs/teams/jira_logs/development_sap_id.csv )
Jira logs by week number 01
Leaves cron job triggered on 2023-11-05 23:18:34 (week range is 2023-10-30 to 2023-11-05 )
Users evaluation table insertion cron job triggered on 2023-11-06 20:48:26
Users insertion cron job triggered on 2023-11-06 20:48:27
Jira logs cron job triggered on 2023-11-06 20:48:28 ( File path is /Applications/XAMPP/xamppfiles/htdocs/teams/jira_logs/development_sap_id.csv )
Jira logs by week number 01
Leaves cron job triggered on 2023-11-06 20:48:28 (week range is 2023-10-30 to 2023-11-06 )
Users evaluation table insertion cron job triggered on 2023-11-06 21:25:23
Users insertion cron job triggered on 2023-11-06 21:39:29
Jira logs cron job triggered on 2023-11-06 21:39:30 ( File path is /Applications/XAMPP/xamppfiles/htdocs/teams/jira_logs/development_sap_id.csv )
Jira logs by week number 01
Leaves cron job triggered on 2023-11-06 21:39:30 (week range is 2023-10-30 to 2023-11-06 )
